Arguments: 
  C:\Program Files\nodejs\node.exe C:\Users\hryp5\AppData\Roaming\npm\node_modules\yarn\bin\yarn.js add @fortawesome/pro-light-svg-icons

PATH: 
  C:\WINDOWS\system32;C:\WINDOWS;C:\WINDOWS\System32\Wbem;C:\WINDOWS\System32\WindowsPowerShell\v1.0\;C:\WINDOWS\System32\OpenSSH\;C:\Program Files\nodejs\;C:\Program Files\Git\cmd;C:\Users\hryp5\AppData\Local\Microsoft\WindowsApps;C:\Users\hryp5\AppData\Roaming\npm;C:\Users\hryp5\AppData\Local\Programs\Microsoft VS Code\bin;C:\flutter\bin;C:\Users\hryp5\AppData\Local\GitHubDesktop\bin

Yarn version: 
  1.22.18

Node version: 
  16.15.0

Platform: 
  win32 x64

Trace: 
  Error: https://registry.yarnpkg.com/@fortawesome%2fpro-light-svg-icons: Not found
      at Request.params.callback [as _callback] (C:\Users\hryp5\AppData\Roaming\npm\node_modules\yarn\lib\cli.js:66138:18)
      at Request.self.callback (C:\Users\hryp5\AppData\Roaming\npm\node_modules\yarn\lib\cli.js:140883:22)
      at Request.emit (node:events:527:28)
      at Request.<anonymous> (C:\Users\hryp5\AppData\Roaming\npm\node_modules\yarn\lib\cli.js:141855:10)
      at Request.emit (node:events:527:28)
      at IncomingMessage.<anonymous> (C:\Users\hryp5\AppData\Roaming\npm\node_modules\yarn\lib\cli.js:141777:12)
      at Object.onceWrapper (node:events:641:28)
      at IncomingMessage.emit (node:events:539:35)
      at endReadableNT (node:internal/streams/readable:1345:12)
      at processTicksAndRejections (node:internal/process/task_queues:83:21)

npm manifest: 
  {
    "name": "instaclone",
    "version": "1.0.0",
    "description": "",
    "main": "/serverFiles/app.js",
    "scripts": {
      "test": "nodemon serverFiles/index.js",
      "start": "node serverFiles/index.js"
    },
    "repository": {
      "type": "git",
      "url": "git+https://github.com/SingleSimha/InstaClone.git"
    },
    "author": "",
    "license": "ISC",
    "engines": {
      "node": "^14.18.0 || >=16.4.0"
    },
    "bugs": {
      "url": "https://github.com/SingleSimha/InstaClone/issues"
    },
    "homepage": "https://github.com/SingleSimha/InstaClone#readme",
    "devDependencies": {
      "gh-pages": "^4.0.0",
      "mkdirp": "^1.0.4",
      "nodemon": "^2.0.15",
      "rimraf": "^3.0.2"
    },
    "dependencies": {
      "@fortawesome/free-solid-svg-icons": "^6.1.1",
      "@fortawesome/react-fontawesome": "^0.2.0",
      "bcrypt": "^5.0.1",
      "body-parser": "^1.20.0",
      "cloudinary": "^1.29.0",
      "cors": "^2.8.5",
      "dotenv": "^16.0.0",
      "express": "^4.17.3",
      "express-flash": "0.0.2",
      "express-session": "^1.17.2",
      "firebase-admin": "^10.0.2",
      "lottie-web": "^5.9.5",
      "multer": "^1.4.4",
      "nodemailer": "^6.7.3",
      "passport": "^0.5.2",
      "passport-local": "^1.0.0",
      "react-lottie": "^1.2.3",
      "smpljavascript": "^1.1.13",
      "socket.io": "^4.5.1",
      "streamifier": "^0.1.1",
      "web-push": "^3.4.5"
    }
  }

yarn manifest: 
  No manifest

Lockfile: 
  No lockfile
